
=== Wed Dec 20 19:16:07 2023

Packages were changed.
Update Mode: updateDependencies

The following packages were added:
  com.unity.ai.navigation@1.1.5
The following packages were updated:
  com.unity.2d.animation from version 7.0.2 to 9.0.4
  com.unity.2d.pixel-perfect from version 5.0.1 to 5.0.3
  com.unity.2d.spriteshape from version 7.0.3 to 9.0.2
  com.unity.ads from version 3.7.5 to 4.4.2
  com.unity.analytics from version 3.6.12 to 3.8.1
  com.unity.collab-proxy from version 1.15.4 to 2.2.0
  com.unity.ide.rider from version 3.0.7 to 3.0.27
  com.unity.ide.visualstudio from version 2.0.12 to 2.0.22
  com.unity.ide.vscode from version 1.2.4 to 1.2.5
  com.unity.postprocessing from version 3.2.0 to 3.2.2
  com.unity.purchasing from version 4.1.1 to 4.9.3
  com.unity.test-framework from version 1.1.29 to 1.1.33
  com.unity.timeline from version 1.6.3 to 1.7.6
  com.unity.xr.legacyinputhelpers from version 2.1.8 to 2.1.10
The following packages were removed:
  com.unity.quicksearch@2.0.2
